Determining if the pthread_create exist failed with the following output:
Change Dir: /home/gabri/Documenti/Embedded Systems/progetto/CMakeFiles/CMakeTmp

Run Build Command:"/usr/bin/make" "cmTC_0ee57/fast"
/usr/bin/make -f CMakeFiles/cmTC_0ee57.dir/build.make CMakeFiles/cmTC_0ee57.dir/build
make[1]: ingresso nella directory "/home/gabri/Documenti/Embedded Systems/progetto/CMakeFiles/CMakeTmp"
Building C object CMakeFiles/cmTC_0ee57.dir/CheckSymbolExists.c.o
/usr/bin/cc    -o CMakeFiles/cmTC_0ee57.dir/CheckSymbolExists.c.o   -c "/home/gabri/Documenti/Embedded Systems/progetto/CMakeFiles/CMakeTmp/CheckSymbolExists.c"
Linking C executable cmTC_0ee57
/usr/bin/cmake -E cmake_link_script CMakeFiles/cmTC_0ee57.dir/link.txt --verbose=1
/usr/bin/cc      -rdynamic CMakeFiles/cmTC_0ee57.dir/CheckSymbolExists.c.o  -o cmTC_0ee57 
CMakeFiles/cmTC_0ee57.dir/CheckSymbolExists.c.o: nella funzione "main":
CheckSymbolExists.c:(.text+0x1b): riferimento non definito a "pthread_create"
collect2: error: ld returned 1 exit status
CMakeFiles/cmTC_0ee57.dir/build.make:97: recipe for target 'cmTC_0ee57' failed
make[1]: *** [cmTC_0ee57] Error 1
make[1]: uscita dalla directory "/home/gabri/Documenti/Embedded Systems/progetto/CMakeFiles/CMakeTmp"
Makefile:126: recipe for target 'cmTC_0ee57/fast' failed
make: *** [cmTC_0ee57/fast] Error 2

File /home/gabri/Documenti/Embedded Systems/progetto/CMakeFiles/CMakeTmp/CheckSymbolExists.c:
/* */
#include <pthread.h>

int main(int argc, char** argv)
{
  (void)argv;
#ifndef pthread_create
  return ((int*)(&pthread_create))[argc];
#else
  (void)argc;
  return 0;
#endif
}

Determining if the pthread_create exist failed with the following output:
Change Dir: /home/gabri/Documenti/Embedded Systems/RTES_Project/CMakeFiles/CMakeTmp

Run Build Command:"/usr/bin/make" "cmTC_a36c2/fast"
/usr/bin/make -f CMakeFiles/cmTC_a36c2.dir/build.make CMakeFiles/cmTC_a36c2.dir/build
make[1]: ingresso nella directory "/home/gabri/Documenti/Embedded Systems/RTES_Project/CMakeFiles/CMakeTmp"
Building C object CMakeFiles/cmTC_a36c2.dir/CheckSymbolExists.c.o
/usr/bin/cc    -o CMakeFiles/cmTC_a36c2.dir/CheckSymbolExists.c.o   -c "/home/gabri/Documenti/Embedded Systems/RTES_Project/CMakeFiles/CMakeTmp/CheckSymbolExists.c"
Linking C executable cmTC_a36c2
/usr/bin/cmake -E cmake_link_script CMakeFiles/cmTC_a36c2.dir/link.txt --verbose=1
/usr/bin/cc      -rdynamic CMakeFiles/cmTC_a36c2.dir/CheckSymbolExists.c.o  -o cmTC_a36c2 
CMakeFiles/cmTC_a36c2.dir/CheckSymbolExists.c.o: nella funzione "main":
CheckSymbolExists.c:(.text+0x1b): riferimento non definito a "pthread_create"
collect2: error: ld returned 1 exit status
CMakeFiles/cmTC_a36c2.dir/build.make:97: recipe for target 'cmTC_a36c2' failed
make[1]: *** [cmTC_a36c2] Error 1
make[1]: uscita dalla directory "/home/gabri/Documenti/Embedded Systems/RTES_Project/CMakeFiles/CMakeTmp"
Makefile:126: recipe for target 'cmTC_a36c2/fast' failed
make: *** [cmTC_a36c2/fast] Error 2

File /home/gabri/Documenti/Embedded Systems/RTES_Project/CMakeFiles/CMakeTmp/CheckSymbolExists.c:
/* */
#include <pthread.h>

int main(int argc, char** argv)
{
  (void)argv;
#ifndef pthread_create
  return ((int*)(&pthread_create))[argc];
#else
  (void)argc;
  return 0;
#endif
}

Determining if the pthread_create exist failed with the following output:
Change Dir: /home/gabri/Documenti/Embedded Systems/RTES_Project/CMakeFiles/CMakeTmp

Run Build Command:"/usr/bin/make" "cmTC_7aa44/fast"
/usr/bin/make -f CMakeFiles/cmTC_7aa44.dir/build.make CMakeFiles/cmTC_7aa44.dir/build
make[1]: ingresso nella directory "/home/gabri/Documenti/Embedded Systems/RTES_Project/CMakeFiles/CMakeTmp"
Building C object CMakeFiles/cmTC_7aa44.dir/CheckSymbolExists.c.o
/usr/bin/cc    -o CMakeFiles/cmTC_7aa44.dir/CheckSymbolExists.c.o   -c "/home/gabri/Documenti/Embedded Systems/RTES_Project/CMakeFiles/CMakeTmp/CheckSymbolExists.c"
Linking C executable cmTC_7aa44
/usr/bin/cmake -E cmake_link_script CMakeFiles/cmTC_7aa44.dir/link.txt --verbose=1
/usr/bin/cc      -rdynamic CMakeFiles/cmTC_7aa44.dir/CheckSymbolExists.c.o  -o cmTC_7aa44 
CMakeFiles/cmTC_7aa44.dir/CheckSymbolExists.c.o: nella funzione "main":
CheckSymbolExists.c:(.text+0x1b): riferimento non definito a "pthread_create"
collect2: error: ld returned 1 exit status
CMakeFiles/cmTC_7aa44.dir/build.make:97: recipe for target 'cmTC_7aa44' failed
make[1]: *** [cmTC_7aa44] Error 1
make[1]: uscita dalla directory "/home/gabri/Documenti/Embedded Systems/RTES_Project/CMakeFiles/CMakeTmp"
Makefile:126: recipe for target 'cmTC_7aa44/fast' failed
make: *** [cmTC_7aa44/fast] Error 2

File /home/gabri/Documenti/Embedded Systems/RTES_Project/CMakeFiles/CMakeTmp/CheckSymbolExists.c:
/* */
#include <pthread.h>

int main(int argc, char** argv)
{
  (void)argv;
#ifndef pthread_create
  return ((int*)(&pthread_create))[argc];
#else
  (void)argc;
  return 0;
#endif
}

